2025-05-17 11:17:21 [[32minfo[39m]: âœ… PostgreSQL ì—°ê²°ë¨
2025-05-17 11:17:21 [[34mdebug[39m]: SQL ì‹¤í–‰: SELECT 1
2025-05-17 11:17:21 [[34mdebug[39m]: Values: []
2025-05-17 11:33:15 [[32minfo[39m]: âœ… PostgreSQL ì—°ê²°ë¨
2025-05-17 11:33:15 [[32minfo[39m]: Server running at http://localhost:3000
2025-05-17 11:34:33 [[31merror[39m]: íšŒì›ê°€ì… ì‹¤íŒ¨: Cannot destructure property 'username' of 'req.body' as it is undefined.
2025-05-17 11:36:35 [[32minfo[39m]: âœ… PostgreSQL ì—°ê²°ë¨
2025-05-17 11:36:35 [[32minfo[39m]: Server running at http://localhost:3000
2025-05-17 11:36:38 [[31merror[39m]: íšŒì›ê°€ì… ì‹¤íŒ¨: Cannot destructure property 'username' of 'req.body' as it is undefined.
2025-05-17 11:37:06 [[32minfo[39m]: âœ… PostgreSQL ì—°ê²°ë¨
2025-05-17 11:37:06 [[32minfo[39m]: Server running at http://localhost:3000
2025-05-17 11:37:08 [[31merror[39m]: íšŒì›ê°€ì… ì‹¤íŒ¨: Cannot destructure property 'username' of 'req.body' as it is undefined.
2025-05-17 11:37:45 [[34mdebug[39m]: SQL ì‹¤í–‰: SELECT * FROM users WHERE email = $1
2025-05-17 11:37:45 [[34mdebug[39m]: Values: ["hyunsoo@lsware.co.kr"]
2025-05-17 11:37:45 [[34mdebug[39m]: SQL ì‹¤í–‰: INSERT INTO users (username, email, password)
       VALUES ($1, $2, $3) RETURNING *
2025-05-17 11:37:45 [[34mdebug[39m]: Values: ["liam","hyunsoo@lsware.co.kr","$2b$10$EOqNEGht6.jeD51iDbxwG.tUyRxBc/6MqzF46X6xUxCbKQulb2GZO"]
2025-05-17 11:37:45 [[32minfo[39m]: íšŒì›ê°€ì… ì„±ê³µ: hyunsoo@lsware.co.kr
2025-05-17 11:39:08 [[34mdebug[39m]: SQL ì‹¤í–‰: SELECT * FROM users WHERE email = $1
2025-05-17 11:39:08 [[34mdebug[39m]: Values: ["hyunsoo@lsware.co.kr"]
2025-05-17 11:39:08 [[32minfo[39m]: ë¡œê·¸ì¸ ì„±ê³µ: hyunsoo@lsware.co.kr
2025-05-17 11:50:04 [[32minfo[39m]: âœ… PostgreSQL ì—°ê²°ë¨
2025-05-17 11:50:04 [[32minfo[39m]: Server running at http://localhost:3000
2025-05-17 11:50:49 [[32minfo[39m]: âœ… PostgreSQL ì—°ê²°ë¨
2025-05-17 11:50:50 [[32minfo[39m]: Server running at http://localhost:3000
2025-05-17 11:51:09 [[32minfo[39m]: âœ… PostgreSQL ì—°ê²°ë¨
2025-05-17 11:51:09 [[32minfo[39m]: Server running at http://localhost:3000
2025-05-17 11:51:53 [[34mdebug[39m]: SQL ì‹¤í–‰: INSERT INTO projects (user_id, title, genre, keywords, worldview_summary)
       VALUES ($1, $2, $3, $4, $5)
       RETURNING *
2025-05-17 11:51:53 [[34mdebug[39m]: Values: ["00000000-0000-0000-0000-000000000001","ë§ˆë²•ì‚¬ì˜ ê·€í™˜","íŒíƒ€ì§€",["ë§ˆë²•","ì™•êµ­","ì´ì„¸ê³„"],"ê³ ëŒ€ ë§ˆë²•ì´ ê¸ˆê¸°ì‹œëœ ì„¸ê³„ì—ì„œ ë‹¤ì‹œ ê¹¨ì–´ë‚˜ëŠ” ì†Œë…„ì˜ ì´ì•¼ê¸°ì…ë‹ˆë‹¤."]
2025-05-17 11:51:53 [[32minfo[39m]: í”„ë¡œì íŠ¸ ìƒì„± ì™„ë£Œ: dbf75ae2-8961-4d3c-9199-db2c041f6221
2025-05-17 13:43:48 [[32minfo[39m]: âœ… PostgreSQL ì—°ê²°ë¨
2025-05-17 13:43:48 [[32minfo[39m]: Server running at http://localhost:3000
2025-05-17 13:45:12 [[34mdebug[39m]: SQL ì‹¤í–‰: INSERT INTO characters (project_id, name, role, description, order_index)
       VALUES ($1, $2, $3, $4, $5)
       RETURNING *
2025-05-17 13:45:12 [[34mdebug[39m]: Values: ["1","ì—˜ë¦¬ì‹œì•„","ì£¼ì¸ê³µ / ë§ˆë²•ì‚¬","ê³ ëŒ€ ë§ˆë²•ì˜ ê³„ìŠ¹ìì´ì ìš´ëª…ì„ ê±°ìŠ¤ë¥´ëŠ” ì¡´ì¬",0]
2025-05-17 13:45:12 [[31merror[39m]: Query Error: invalid input syntax for type uuid: "1"
2025-05-17 13:45:12 [[31merror[39m]: ìºë¦­í„° ìƒì„± ì‹¤íŒ¨: invalid input syntax for type uuid: "1"
2025-05-17 13:45:15 [[34mdebug[39m]: SQL ì‹¤í–‰: INSERT INTO characters (project_id, name, role, description, order_index)
       VALUES ($1, $2, $3, $4, $5)
       RETURNING *
2025-05-17 13:45:15 [[34mdebug[39m]: Values: ["0","ì—˜ë¦¬ì‹œì•„","ì£¼ì¸ê³µ / ë§ˆë²•ì‚¬","ê³ ëŒ€ ë§ˆë²•ì˜ ê³„ìŠ¹ìì´ì ìš´ëª…ì„ ê±°ìŠ¤ë¥´ëŠ” ì¡´ì¬",0]
2025-05-17 13:45:15 [[31merror[39m]: Query Error: invalid input syntax for type uuid: "0"
2025-05-17 13:45:15 [[31merror[39m]: ìºë¦­í„° ìƒì„± ì‹¤íŒ¨: invalid input syntax for type uuid: "0"
2025-05-17 13:45:16 [[34mdebug[39m]: SQL ì‹¤í–‰: INSERT INTO characters (project_id, name, role, description, order_index)
       VALUES ($1, $2, $3, $4, $5)
       RETURNING *
2025-05-17 13:45:16 [[34mdebug[39m]: Values: ["1","ì—˜ë¦¬ì‹œì•„","ì£¼ì¸ê³µ / ë§ˆë²•ì‚¬","ê³ ëŒ€ ë§ˆë²•ì˜ ê³„ìŠ¹ìì´ì ìš´ëª…ì„ ê±°ìŠ¤ë¥´ëŠ” ì¡´ì¬",0]
2025-05-17 13:45:16 [[31merror[39m]: Query Error: invalid input syntax for type uuid: "1"
2025-05-17 13:45:16 [[31merror[39m]: ìºë¦­í„° ìƒì„± ì‹¤íŒ¨: invalid input syntax for type uuid: "1"
2025-05-17 13:45:25 [[34mdebug[39m]: SQL ì‹¤í–‰: INSERT INTO characters (project_id, name, role, description, order_index)
       VALUES ($1, $2, $3, $4, $5)
       RETURNING *
2025-05-17 13:45:25 [[34mdebug[39m]: Values: ["dbf75ae2-8961-4d3c-9199-db2c041f6221","ì—˜ë¦¬ì‹œì•„","ì£¼ì¸ê³µ / ë§ˆë²•ì‚¬","ê³ ëŒ€ ë§ˆë²•ì˜ ê³„ìŠ¹ìì´ì ìš´ëª…ì„ ê±°ìŠ¤ë¥´ëŠ” ì¡´ì¬",0]
2025-05-17 13:45:25 [[32minfo[39m]: ìºë¦­í„° ìƒì„±: e482928a-3157-4c34-9e58-0d73be8e35ff
2025-05-17 13:48:04 [[32minfo[39m]: âœ… PostgreSQL ì—°ê²°ë¨
2025-05-17 13:48:04 [[32minfo[39m]: Server running at http://localhost:3000
2025-05-17 13:49:14 [[32minfo[39m]: âœ… PostgreSQL ì—°ê²°ë¨
2025-05-17 13:49:14 [[32minfo[39m]: Server running at http://localhost:3000
2025-05-17 13:49:41 [[32minfo[39m]: âœ… PostgreSQL ì—°ê²°ë¨
2025-05-17 13:49:41 [[32minfo[39m]: Server running at http://localhost:3000
2025-05-17 13:51:18 [[34mdebug[39m]: SQL ì‹¤í–‰: SELECT * FROM characters
       WHERE project_id = $1
       ORDER BY order_index ASC, created_at ASC
2025-05-17 13:51:18 [[34mdebug[39m]: Values: ["dbf75ae2-8961-4d3c-9199-db2c041f6221"]
2025-05-17 14:02:32 [[34mdebug[39m]: SQL ì‹¤í–‰: SELECT * FROM users WHERE email = $1
2025-05-17 14:02:32 [[34mdebug[39m]: Values: ["liam@lsware.co.kr"]
2025-05-17 14:02:32 [[33mwarn[39m]: ë¡œê·¸ì¸ ì‹¤íŒ¨ - ì´ë©”ì¼ ì—†ìŒ: liam@lsware.co.kr
2025-05-17 14:02:44 [[34mdebug[39m]: SQL ì‹¤í–‰: SELECT * FROM users WHERE email = $1
2025-05-17 14:02:44 [[34mdebug[39m]: Values: ["hyunsoo@lsware.co.kr"]
2025-05-17 14:02:44 [[32minfo[39m]: ë¡œê·¸ì¸ ì„±ê³µ: hyunsoo@lsware.co.kr
2025-05-17 14:09:16 [[33mwarn[39m]: Refresh í† í° ê²€ì¦ ì‹¤íŒ¨: Invalid or expired token
2025-05-17 14:11:35 [[32minfo[39m]: âœ… PostgreSQL ì—°ê²°ë¨
2025-05-17 14:11:36 [[32minfo[39m]: Server running at http://localhost:3000
2025-05-17 14:12:53 [[32minfo[39m]: âœ… PostgreSQL ì—°ê²°ë¨
2025-05-17 14:12:53 [[32minfo[39m]: Server running at http://localhost:3000
2025-05-17 14:12:57 [[32minfo[39m]: âœ… PostgreSQL ì—°ê²°ë¨
2025-05-17 14:12:57 [[32minfo[39m]: Server running at http://localhost:3000
2025-05-17 14:13:24 [[32minfo[39m]: âœ… PostgreSQL ì—°ê²°ë¨
2025-05-17 14:13:24 [[32minfo[39m]: Server running at http://localhost:3000
2025-05-17 14:13:28 [[32minfo[39m]: âœ… PostgreSQL ì—°ê²°ë¨
2025-05-17 14:13:28 [[32minfo[39m]: Server running at http://localhost:3000
